SF:C:\Users\Ddemir\Desktop\SampleTest\sampleTest.api\Program.cs
FN:14,System.Void sampleTest.api.Program::Main(System.String[])
FNDA:0,System.Void sampleTest.api.Program::Main(System.String[])
DA:15,0
DA:16,0
DA:17,0
FN:19,Microsoft.Extensions.Hosting.IHostBuilder sampleTest.api.Program::CreateHostBuilder(System.String[])
FNDA:0,Microsoft.Extensions.Hosting.IHostBuilder sampleTest.api.Program::CreateHostBuilder(System.String[])
DA:20,0
DA:21,0
DA:22,0
DA:23,0
DA:24,0
BRDA:20,12,0,0
BRDA:20,12,1,0
LF:8
LH:0
BRF:2
BRH:0
FNF:2
FNH:0
end_of_record
SF:C:\Users\Ddemir\Desktop\SampleTest\sampleTest.api\Startup.cs
FN:29,Microsoft.Extensions.Configuration.IConfiguration sampleTest.api.Startup::get_Configuration()
FNDA:0,Microsoft.Extensions.Configuration.IConfiguration sampleTest.api.Startup::get_Configuration()
DA:30,0
FN:33,System.Void sampleTest.api.Startup::ConfigureServices(Microsoft.Extensions.DependencyInjection.IServiceCollection)
FNDA:0,System.Void sampleTest.api.Startup::ConfigureServices(Microsoft.Extensions.DependencyInjection.IServiceCollection)
DA:34,0
DA:35,0
DA:36,0
DA:37,0
DA:38,0
DA:39,0
DA:41,0
FN:44,System.Void sampleTest.api.Startup::Configure(Microsoft.AspNetCore.Builder.IApplicationBuilder,Microsoft.AspNetCore.Hosting.IWebHostEnvironment)
FNDA:0,System.Void sampleTest.api.Startup::Configure(Microsoft.AspNetCore.Builder.IApplicationBuilder,Microsoft.AspNetCore.Hosting.IWebHostEnvironment)
DA:45,0
DA:46,0
DA:47,0
DA:48,0
DA:49,0
DA:51,0
DA:53,0
DA:55,0
DA:57,0
DA:58,0
DA:59,0
DA:60,0
DA:62,0
DA:63,0
BRDA:46,9,0,0
BRDA:46,9,1,0
BRDA:57,48,0,0
BRDA:57,48,1,0
FN:64,System.Void sampleTest.api.Startup::ConfigureDatabase(Microsoft.Extensions.DependencyInjection.IServiceCollection)
FNDA:0,System.Void sampleTest.api.Startup::ConfigureDatabase(Microsoft.Extensions.DependencyInjection.IServiceCollection)
DA:65,0
DA:66,0
DA:67,0
FN:24,System.Void sampleTest.api.Startup::.ctor(Microsoft.Extensions.Configuration.IConfiguration)
FNDA:0,System.Void sampleTest.api.Startup::.ctor(Microsoft.Extensions.Configuration.IConfiguration)
DA:25,0
DA:26,0
DA:27,0
DA:28,0
LF:29
LH:0
BRF:6
BRH:0
FNF:5
FNH:0
end_of_record
SF:C:\Users\Ddemir\Desktop\SampleTest\sampleTest.api\WeatherForecast.cs
FN:6,System.DateTime sampleTest.api.WeatherForecast::get_Date()
FNDA:0,System.DateTime sampleTest.api.WeatherForecast::get_Date()
DA:7,0
FN:8,System.Int32 sampleTest.api.WeatherForecast::get_TemperatureC()
FNDA:0,System.Int32 sampleTest.api.WeatherForecast::get_TemperatureC()
DA:9,0
FN:10,System.Int32 sampleTest.api.WeatherForecast::get_TemperatureF()
FNDA:0,System.Int32 sampleTest.api.WeatherForecast::get_TemperatureF()
DA:11,0
FN:12,System.String sampleTest.api.WeatherForecast::get_Summary()
FNDA:0,System.String sampleTest.api.WeatherForecast::get_Summary()
DA:13,0
LF:4
LH:0
BRF:0
BRH:0
FNF:4
FNH:0
end_of_record
SF:C:\Users\Ddemir\Desktop\SampleTest\sampleTest.api\Migrations\20200101103631_initial.cs
FN:7,System.Void sampleTest.api.Migrations.initial::Up(Microsoft.EntityFrameworkCore.Migrations.MigrationBuilder)
FNDA:0,System.Void sampleTest.api.Migrations.initial::Up(Microsoft.EntityFrameworkCore.Migrations.MigrationBuilder)
DA:8,0
DA:9,0
DA:10,0
DA:11,0
DA:12,0
DA:13,0
DA:14,0
DA:15,0
DA:16,0
DA:17,0
DA:18,0
DA:19,0
DA:20,0
DA:21,0
DA:22,0
BRDA:9,13,0,0
BRDA:9,13,1,0
BRDA:9,45,0,0
BRDA:9,45,1,0
FN:24,System.Void sampleTest.api.Migrations.initial::Down(Microsoft.EntityFrameworkCore.Migrations.MigrationBuilder)
FNDA:0,System.Void sampleTest.api.Migrations.initial::Down(Microsoft.EntityFrameworkCore.Migrations.MigrationBuilder)
DA:25,0
DA:26,0
DA:27,0
DA:28,0
LF:19
LH:0
BRF:4
BRH:0
FNF:2
FNH:0
end_of_record
SF:C:\Users\Ddemir\Desktop\SampleTest\sampleTest.api\Migrations\20200101103631_initial.Designer.cs
FN:15,System.Void sampleTest.api.Migrations.initial::BuildTargetModel(Microsoft.EntityFrameworkCore.ModelBuilder)
FNDA:0,System.Void sampleTest.api.Migrations.initial::BuildTargetModel(Microsoft.EntityFrameworkCore.ModelBuilder)
DA:16,0
DA:18,0
DA:19,0
DA:20,0
DA:21,0
DA:23,0
DA:24,0
DA:25,0
DA:26,0
DA:27,0
DA:28,0
DA:29,0
DA:30,0
DA:31,0
DA:32,0
DA:33,0
DA:34,0
DA:35,0
DA:36,0
DA:37,0
DA:38,0
DA:39,0
DA:41,0
BRDA:23,66,0,0
BRDA:23,66,1,0
LF:23
LH:0
BRF:2
BRH:0
FNF:1
FNH:0
end_of_record
SF:C:\Users\Ddemir\Desktop\SampleTest\sampleTest.api\Migrations\20200101112924_RequiredColumn.cs
FN:7,System.Void sampleTest.api.Migrations.RequiredColumn::Up(Microsoft.EntityFrameworkCore.Migrations.MigrationBuilder)
FNDA:0,System.Void sampleTest.api.Migrations.RequiredColumn::Up(Microsoft.EntityFrameworkCore.Migrations.MigrationBuilder)
DA:8,0
DA:9,0
DA:10,0
DA:11,0
DA:12,0
DA:13,0
DA:14,0
DA:15,0
DA:17,0
DA:18,0
DA:19,0
DA:20,0
DA:21,0
DA:22,0
DA:23,0
DA:24,0
FN:26,System.Void sampleTest.api.Migrations.RequiredColumn::Down(Microsoft.EntityFrameworkCore.Migrations.MigrationBuilder)
FNDA:0,System.Void sampleTest.api.Migrations.RequiredColumn::Down(Microsoft.EntityFrameworkCore.Migrations.MigrationBuilder)
DA:27,0
DA:28,0
DA:29,0
DA:30,0
DA:31,0
DA:32,0
DA:33,0
DA:35,0
DA:36,0
DA:37,0
DA:38,0
DA:39,0
DA:40,0
DA:41,0
LF:30
LH:0
BRF:0
BRH:0
FNF:2
FNH:0
end_of_record
SF:C:\Users\Ddemir\Desktop\SampleTest\sampleTest.api\Migrations\20200101112924_RequiredColumn.Designer.cs
FN:15,System.Void sampleTest.api.Migrations.RequiredColumn::BuildTargetModel(Microsoft.EntityFrameworkCore.ModelBuilder)
FNDA:0,System.Void sampleTest.api.Migrations.RequiredColumn::BuildTargetModel(Microsoft.EntityFrameworkCore.ModelBuilder)
DA:16,0
DA:18,0
DA:19,0
DA:20,0
DA:21,0
DA:23,0
DA:24,0
DA:25,0
DA:26,0
DA:27,0
DA:28,0
DA:29,0
DA:30,0
DA:31,0
DA:32,0
DA:33,0
DA:34,0
DA:35,0
DA:36,0
DA:37,0
DA:38,0
DA:39,0
DA:40,0
DA:41,0
DA:43,0
BRDA:23,66,0,0
BRDA:23,66,1,0
LF:25
LH:0
BRF:2
BRH:0
FNF:1
FNH:0
end_of_record
SF:C:\Users\Ddemir\Desktop\SampleTest\sampleTest.api\Migrations\20200102111425_DeletedColumnAdded.cs
FN:7,System.Void sampleTest.api.Migrations.DeletedColumnAdded::Up(Microsoft.EntityFrameworkCore.Migrations.MigrationBuilder)
FNDA:0,System.Void sampleTest.api.Migrations.DeletedColumnAdded::Up(Microsoft.EntityFrameworkCore.Migrations.MigrationBuilder)
DA:8,0
DA:9,0
DA:10,0
DA:11,0
DA:12,0
DA:13,0
DA:14,0
FN:16,System.Void sampleTest.api.Migrations.DeletedColumnAdded::Down(Microsoft.EntityFrameworkCore.Migrations.MigrationBuilder)
FNDA:0,System.Void sampleTest.api.Migrations.DeletedColumnAdded::Down(Microsoft.EntityFrameworkCore.Migrations.MigrationBuilder)
DA:17,0
DA:18,0
DA:19,0
DA:20,0
DA:21,0
LF:12
LH:0
BRF:0
BRH:0
FNF:2
FNH:0
end_of_record
SF:C:\Users\Ddemir\Desktop\SampleTest\sampleTest.api\Migrations\20200102111425_DeletedColumnAdded.Designer.cs
FN:15,System.Void sampleTest.api.Migrations.DeletedColumnAdded::BuildTargetModel(Microsoft.EntityFrameworkCore.ModelBuilder)
FNDA:0,System.Void sampleTest.api.Migrations.DeletedColumnAdded::BuildTargetModel(Microsoft.EntityFrameworkCore.ModelBuilder)
DA:16,0
DA:18,0
DA:19,0
DA:20,0
DA:21,0
DA:23,0
DA:24,0
DA:25,0
DA:26,0
DA:27,0
DA:28,0
DA:29,0
DA:30,0
DA:31,0
DA:32,0
DA:33,0
DA:34,0
DA:35,0
DA:36,0
DA:37,0
DA:38,0
DA:39,0
DA:40,0
DA:41,0
DA:42,0
DA:43,0
DA:44,0
DA:46,0
BRDA:23,66,0,0
BRDA:23,66,1,0
LF:28
LH:0
BRF:2
BRH:0
FNF:1
FNH:0
end_of_record
SF:C:\Users\Ddemir\Desktop\SampleTest\sampleTest.api\Migrations\20200102111536_DeletedColumnEdited.cs
FN:7,System.Void sampleTest.api.Migrations.DeletedColumnEdited::Up(Microsoft.EntityFrameworkCore.Migrations.MigrationBuilder)
FNDA:0,System.Void sampleTest.api.Migrations.DeletedColumnEdited::Up(Microsoft.EntityFrameworkCore.Migrations.MigrationBuilder)
DA:8,0
DA:9,0
DA:10,0
DA:11,0
DA:13,0
DA:14,0
DA:15,0
DA:16,0
DA:17,0
DA:18,0
FN:20,System.Void sampleTest.api.Migrations.DeletedColumnEdited::Down(Microsoft.EntityFrameworkCore.Migrations.MigrationBuilder)
FNDA:0,System.Void sampleTest.api.Migrations.DeletedColumnEdited::Down(Microsoft.EntityFrameworkCore.Migrations.MigrationBuilder)
DA:21,0
DA:22,0
DA:23,0
DA:24,0
DA:26,0
DA:27,0
DA:28,0
DA:29,0
DA:30,0
DA:31,0
DA:32,0
LF:21
LH:0
BRF:0
BRH:0
FNF:2
FNH:0
end_of_record
SF:C:\Users\Ddemir\Desktop\SampleTest\sampleTest.api\Migrations\20200102111536_DeletedColumnEdited.Designer.cs
FN:15,System.Void sampleTest.api.Migrations.DeletedColumnEdited::BuildTargetModel(Microsoft.EntityFrameworkCore.ModelBuilder)
FNDA:0,System.Void sampleTest.api.Migrations.DeletedColumnEdited::BuildTargetModel(Microsoft.EntityFrameworkCore.ModelBuilder)
DA:16,0
DA:18,0
DA:19,0
DA:20,0
DA:21,0
DA:23,0
DA:24,0
DA:25,0
DA:26,0
DA:27,0
DA:28,0
DA:29,0
DA:30,0
DA:31,0
DA:32,0
DA:33,0
DA:34,0
DA:35,0
DA:36,0
DA:37,0
DA:38,0
DA:39,0
DA:40,0
DA:41,0
DA:42,0
DA:43,0
DA:44,0
DA:46,0
BRDA:23,66,0,0
BRDA:23,66,1,0
LF:28
LH:0
BRF:2
BRH:0
FNF:1
FNH:0
end_of_record
SF:C:\Users\Ddemir\Desktop\SampleTest\sampleTest.api\Migrations\20200102111920_DeletedColumnChangeAsIsDeleted.cs
FN:7,System.Void sampleTest.api.Migrations.DeletedColumnChangeAsIsDeleted::Up(Microsoft.EntityFrameworkCore.Migrations.MigrationBuilder)
FNDA:0,System.Void sampleTest.api.Migrations.DeletedColumnChangeAsIsDeleted::Up(Microsoft.EntityFrameworkCore.Migrations.MigrationBuilder)
DA:8,0
DA:9,0
DA:10,0
DA:11,0
DA:13,0
DA:14,0
DA:15,0
DA:16,0
DA:17,0
DA:18,0
FN:20,System.Void sampleTest.api.Migrations.DeletedColumnChangeAsIsDeleted::Down(Microsoft.EntityFrameworkCore.Migrations.MigrationBuilder)
FNDA:0,System.Void sampleTest.api.Migrations.DeletedColumnChangeAsIsDeleted::Down(Microsoft.EntityFrameworkCore.Migrations.MigrationBuilder)
DA:21,0
DA:22,0
DA:23,0
DA:24,0
DA:26,0
DA:27,0
DA:28,0
DA:29,0
DA:30,0
DA:31,0
DA:32,0
LF:21
LH:0
BRF:0
BRH:0
FNF:2
FNH:0
end_of_record
SF:C:\Users\Ddemir\Desktop\SampleTest\sampleTest.api\Migrations\20200102111920_DeletedColumnChangeAsIsDeleted.Designer.cs
FN:15,System.Void sampleTest.api.Migrations.DeletedColumnChangeAsIsDeleted::BuildTargetModel(Microsoft.EntityFrameworkCore.ModelBuilder)
FNDA:0,System.Void sampleTest.api.Migrations.DeletedColumnChangeAsIsDeleted::BuildTargetModel(Microsoft.EntityFrameworkCore.ModelBuilder)
DA:16,0
DA:18,0
DA:19,0
DA:20,0
DA:21,0
DA:23,0
DA:24,0
DA:25,0
DA:26,0
DA:27,0
DA:28,0
DA:29,0
DA:30,0
DA:31,0
DA:32,0
DA:33,0
DA:34,0
DA:35,0
DA:36,0
DA:37,0
DA:38,0
DA:39,0
DA:40,0
DA:41,0
DA:42,0
DA:43,0
DA:44,0
DA:46,0
BRDA:23,66,0,0
BRDA:23,66,1,0
LF:28
LH:0
BRF:2
BRH:0
FNF:1
FNH:0
end_of_record
SF:C:\Users\Ddemir\Desktop\SampleTest\sampleTest.api\Migrations\20200102200543_AddedEmailDataType.cs
FN:7,System.Void sampleTest.api.Migrations.AddedEmailDataType::Up(Microsoft.EntityFrameworkCore.Migrations.MigrationBuilder)
FNDA:0,System.Void sampleTest.api.Migrations.AddedEmailDataType::Up(Microsoft.EntityFrameworkCore.Migrations.MigrationBuilder)
DA:8,0
DA:10,0
FN:12,System.Void sampleTest.api.Migrations.AddedEmailDataType::Down(Microsoft.EntityFrameworkCore.Migrations.MigrationBuilder)
FNDA:0,System.Void sampleTest.api.Migrations.AddedEmailDataType::Down(Microsoft.EntityFrameworkCore.Migrations.MigrationBuilder)
DA:13,0
DA:15,0
LF:4
LH:0
BRF:0
BRH:0
FNF:2
FNH:0
end_of_record
SF:C:\Users\Ddemir\Desktop\SampleTest\sampleTest.api\Migrations\20200102200543_AddedEmailDataType.Designer.cs
FN:15,System.Void sampleTest.api.Migrations.AddedEmailDataType::BuildTargetModel(Microsoft.EntityFrameworkCore.ModelBuilder)
FNDA:0,System.Void sampleTest.api.Migrations.AddedEmailDataType::BuildTargetModel(Microsoft.EntityFrameworkCore.ModelBuilder)
DA:16,0
DA:18,0
DA:19,0
DA:20,0
DA:21,0
DA:23,0
DA:24,0
DA:25,0
DA:26,0
DA:27,0
DA:28,0
DA:29,0
DA:30,0
DA:31,0
DA:32,0
DA:33,0
DA:34,0
DA:35,0
DA:36,0
DA:37,0
DA:38,0
DA:39,0
DA:40,0
DA:41,0
DA:42,0
DA:43,0
DA:44,0
DA:46,0
BRDA:23,66,0,0
BRDA:23,66,1,0
LF:28
LH:0
BRF:2
BRH:0
FNF:1
FNH:0
end_of_record
SF:C:\Users\Ddemir\Desktop\SampleTest\sampleTest.api\Migrations\SampleTestContextModelSnapshot.cs
FN:13,System.Void sampleTest.api.Migrations.SampleTestContextModelSnapshot::BuildModel(Microsoft.EntityFrameworkCore.ModelBuilder)
FNDA:0,System.Void sampleTest.api.Migrations.SampleTestContextModelSnapshot::BuildModel(Microsoft.EntityFrameworkCore.ModelBuilder)
DA:14,0
DA:16,0
DA:17,0
DA:18,0
DA:19,0
DA:21,0
DA:22,0
DA:23,0
DA:24,0
DA:25,0
DA:26,0
DA:27,0
DA:28,0
DA:29,0
DA:30,0
DA:31,0
DA:32,0
DA:33,0
DA:34,0
DA:35,0
DA:36,0
DA:37,0
DA:38,0
DA:39,0
DA:40,0
DA:41,0
DA:42,0
DA:44,0
BRDA:21,66,0,0
BRDA:21,66,1,0
LF:28
LH:0
BRF:2
BRH:0
FNF:1
FNH:0
end_of_record
SF:C:\Users\Ddemir\Desktop\SampleTest\sampleTest.api\Controllers\UserController.cs
FN:21,System.Void sampleTest.api.Controllers.UserController::.ctor(spock.infrastructure.UnitOfWork.IUnitOfWork,sampleTest.infrastructure.Services.IUserService)
FNDA:4,System.Void sampleTest.api.Controllers.UserController::.ctor(spock.infrastructure.UnitOfWork.IUnitOfWork,sampleTest.infrastructure.Services.IUserService)
DA:22,4
DA:23,4
DA:24,4
DA:25,4
DA:26,4
FN:29,System.Void sampleTest.api.Controllers.UserController/<CreateUser>d__3::MoveNext()
FNDA:2,System.Void sampleTest.api.Controllers.UserController/<CreateUser>d__3::MoveNext()
DA:30,2
DA:31,2
DA:33,2
DA:34,2
DA:35,2
DA:36,3
DA:37,1
DA:38,1
DA:39,1
DA:41,1
DA:42,1
DA:43,1
DA:44,1
DA:45,1
DA:47,0
DA:48,1
DA:49,0
DA:50,0
DA:51,0
DA:52,0
DA:53,0
DA:55,1
DA:56,2
BRDA:31,28,0,2
BRDA:34,53,0,2
BRDA:36,95,1,2
BRDA:36,188,0,1
BRDA:36,188,1,1
FN:59,System.Void sampleTest.api.Controllers.UserController/<GetAllUsers>d__4::MoveNext()
FNDA:2,System.Void sampleTest.api.Controllers.UserController/<GetAllUsers>d__4::MoveNext()
DA:60,2
DA:62,2
DA:63,2
DA:64,1
DA:66,1
DA:67,1
DA:68,1
DA:70,2
BRDA:60,17,0,2
BRDA:63,53,1,1
LF:36
LH:30
BRF:7
BRH:7
FNF:3
FNH:3
end_of_record
SF:C:\Users\Ddemir\Desktop\SampleTest\sampleTest.api\Controllers\WeatherForecastController.cs
FN:27,System.Collections.Generic.IEnumerable`1<sampleTest.api.WeatherForecast> sampleTest.api.Controllers.WeatherForecastController::Get()
FNDA:0,System.Collections.Generic.IEnumerable`1<sampleTest.api.WeatherForecast> sampleTest.api.Controllers.WeatherForecastController::Get()
DA:28,0
DA:29,0
DA:30,0
DA:31,0
DA:32,0
DA:33,0
DA:34,0
DA:35,0
DA:36,0
DA:37,0
FN:20,System.Void sampleTest.api.Controllers.WeatherForecastController::.ctor(Microsoft.Extensions.Logging.ILogger`1<sampleTest.api.Controllers.WeatherForecastController>)
FNDA:0,System.Void sampleTest.api.Controllers.WeatherForecastController::.ctor(Microsoft.Extensions.Logging.ILogger`1<sampleTest.api.Controllers.WeatherForecastController>)
DA:21,0
DA:22,0
DA:23,0
DA:24,0
FN:13,System.Void sampleTest.api.Controllers.WeatherForecastController::.cctor()
FNDA:0,System.Void sampleTest.api.Controllers.WeatherForecastController::.cctor()
DA:14,0
DA:15,0
DA:16,0
DA:17,0
LF:18
LH:0
BRF:0
BRH:0
FNF:3
FNH:0
end_of_record
SF:C:\Users\Ddemir\Desktop\SampleTest\sampleTest.common\DTOs\JsonMessage.cs
FN:8,System.Boolean sampleTest.common.DTOs.JsonMessage::get_result()
FNDA:8,System.Boolean sampleTest.common.DTOs.JsonMessage::get_result()
DA:9,8
FN:9,System.String sampleTest.common.DTOs.JsonMessage::get_message()
FNDA:8,System.String sampleTest.common.DTOs.JsonMessage::get_message()
DA:10,8
LF:2
LH:2
BRF:0
BRH:0
FNF:2
FNH:2
end_of_record
SF:C:\Users\Ddemir\Desktop\SampleTest\sampleTest.common\DTOs\StringMessages.cs
FN:8,System.Void sampleTest.common.DTOs.StringMessages::.cctor()
FNDA:1,System.Void sampleTest.common.DTOs.StringMessages::.cctor()
DA:9,1
DA:10,1
DA:11,1
LF:3
LH:3
BRF:0
BRH:0
FNF:1
FNH:1
end_of_record
SF:C:\Users\Ddemir\Desktop\SampleTest\sampleTest.infrastructure\UnitOfWork\UnitOfWork.cs
FN:20,SampleTest.infrastructure.Repository.IRepository`1<T> spock.infrastructure.UnitOfWork.UnitOfWork::Repository()
FNDA:0,SampleTest.infrastructure.Repository.IRepository`1<T> spock.infrastructure.UnitOfWork.UnitOfWork::Repository()
DA:21,0
DA:22,0
DA:23,0
FN:25,System.Int32 spock.infrastructure.UnitOfWork.UnitOfWork::SaveChanges()
FNDA:0,System.Int32 spock.infrastructure.UnitOfWork.UnitOfWork::SaveChanges()
DA:26,0
DA:28,0
DA:29,0
DA:31,0
DA:32,0
DA:33,0
DA:35,0
FN:94,System.Void spock.infrastructure.UnitOfWork.UnitOfWork::Dispose(System.Boolean)
FNDA:0,System.Void spock.infrastructure.UnitOfWork.UnitOfWork::Dispose(System.Boolean)
DA:95,0
DA:96,0
DA:97,0
DA:98,0
DA:99,0
DA:101,0
DA:102,0
BRDA:96,14,0,0
BRDA:96,14,1,0
FN:104,System.Void spock.infrastructure.UnitOfWork.UnitOfWork::Dispose()
FNDA:0,System.Void spock.infrastructure.UnitOfWork.UnitOfWork::Dispose()
DA:105,0
DA:106,0
DA:107,0
DA:108,0
FN:11,System.Void spock.infrastructure.UnitOfWork.UnitOfWork::.ctor(sampleTest.model.context.SampleTestContext)
FNDA:0,System.Void spock.infrastructure.UnitOfWork.UnitOfWork::.ctor(sampleTest.model.context.SampleTestContext)
DA:12,0
DA:15,0
DA:16,0
DA:17,0
DA:18,0
FN:37,System.Void spock.infrastructure.UnitOfWork.UnitOfWork/<SaveChangesAsync>d__5::MoveNext()
FNDA:0,System.Void spock.infrastructure.UnitOfWork.UnitOfWork/<SaveChangesAsync>d__5::MoveNext()
DA:38,0
DA:40,0
DA:41,0
DA:42,0
DA:43,0
DA:44,0
DA:46,0
DA:47,0
DA:48,0
DA:49,0
DA:50,0
DA:52,0
DA:53,0
DA:84,0
DA:86,0
DA:88,0
DA:89,0
DA:90,0
DA:92,0
BRDA:38,17,0,0
BRDA:41,50,0,0
BRDA:46,198,1,0
BRDA:48,151,0,0
BRDA:48,151,1,0
BRDA:46,198,0,0
BRDA:41,50,1,0
BRDA:86,289,0,0
BRDA:38,17,1,0
BRDA:86,289,1,0
LF:45
LH:0
BRF:12
BRH:0
FNF:6
FNH:0
end_of_record
SF:C:\Users\Ddemir\Desktop\SampleTest\sampleTest.infrastructure\Services\UserService.cs
FN:16,System.Void sampleTest.infrastructure.Services.UserService::.ctor(SampleTest.infrastructure.Repository.IRepository`1<sampleTest.model.entities.User>,sampleTest.model.context.SampleTestContext)
FNDA:0,System.Void sampleTest.infrastructure.Services.UserService::.ctor(SampleTest.infrastructure.Repository.IRepository`1<sampleTest.model.entities.User>,sampleTest.model.context.SampleTestContext)
DA:17,0
DA:18,0
DA:19,0
DA:20,0
FN:22,System.Void sampleTest.infrastructure.Services.UserService/<CheckUserExists>d__2::MoveNext()
FNDA:0,System.Void sampleTest.infrastructure.Services.UserService/<CheckUserExists>d__2::MoveNext()
DA:23,0
DA:24,0
DA:25,0
DA:26,0
DA:27,0
DA:29,0
BRDA:24,67,0,0
BRDA:24,67,1,0
BRDA:26,242,0,0
BRDA:26,242,1,0
FN:31,System.Void sampleTest.infrastructure.Services.UserService/<GetAllUsers>d__3::MoveNext()
FNDA:0,System.Void sampleTest.infrastructure.Services.UserService/<GetAllUsers>d__3::MoveNext()
DA:32,0
DA:33,0
DA:34,0
BRDA:33,60,0,0
BRDA:33,60,1,0
LF:13
LH:0
BRF:6
BRH:0
FNF:3
FNH:0
end_of_record
SF:C:\Users\Ddemir\Desktop\SampleTest\sampleTest.infrastructure\Repository\Repository.cs
FN:25,System.Void SampleTest.infrastructure.Repository.Repository`1::Add(T)
FNDA:0,System.Void SampleTest.infrastructure.Repository.Repository`1::Add(T)
DA:26,0
DA:27,0
DA:28,0
FN:30,System.Void SampleTest.infrastructure.Repository.Repository`1::AddRange(System.Collections.Generic.IEnumerable`1<T>)
FNDA:0,System.Void SampleTest.infrastructure.Repository.Repository`1::AddRange(System.Collections.Generic.IEnumerable`1<T>)
DA:31,0
DA:32,0
DA:33,0
FN:35,System.Void SampleTest.infrastructure.Repository.Repository`1::Attach(T)
FNDA:0,System.Void SampleTest.infrastructure.Repository.Repository`1::Attach(T)
DA:36,0
DA:37,0
DA:38,0
FN:40,System.Void SampleTest.infrastructure.Repository.Repository`1::AttachRange(System.Collections.Generic.IEnumerable`1<T>)
FNDA:0,System.Void SampleTest.infrastructure.Repository.Repository`1::AttachRange(System.Collections.Generic.IEnumerable`1<T>)
DA:41,0
DA:42,0
DA:43,0
FN:45,System.Void SampleTest.infrastructure.Repository.Repository`1::ChangeState(T,Microsoft.EntityFrameworkCore.EntityState)
FNDA:0,System.Void SampleTest.infrastructure.Repository.Repository`1::ChangeState(T,Microsoft.EntityFrameworkCore.EntityState)
DA:46,0
DA:47,0
DA:48,0
FN:50,System.Void SampleTest.infrastructure.Repository.Repository`1::Delete(T)
FNDA:0,System.Void SampleTest.infrastructure.Repository.Repository`1::Delete(T)
DA:51,0
DA:52,0
DA:54,0
DA:55,0
DA:56,0
DA:57,0
DA:59,0
DA:60,0
DA:61,0
DA:62,0
DA:63,0
BRDA:54,28,0,0
BRDA:54,28,1,0
FN:65,System.Void SampleTest.infrastructure.Repository.Repository`1::Delete(System.Int32)
FNDA:0,System.Void SampleTest.infrastructure.Repository.Repository`1::Delete(System.Int32)
DA:66,0
DA:67,0
DA:69,0
DA:70,0
DA:71,0
DA:74,0
DA:75,0
DA:76,0
DA:77,0
DA:78,0
DA:79,0
DA:80,0
DA:82,0
DA:83,0
DA:84,0
DA:85,0
DA:86,0
BRDA:69,20,0,0
BRDA:69,20,1,0
BRDA:75,55,0,0
BRDA:75,55,1,0
FN:88,System.Void SampleTest.infrastructure.Repository.Repository`1::DeleteRange(System.Collections.Generic.IEnumerable`1<T>)
FNDA:0,System.Void SampleTest.infrastructure.Repository.Repository`1::DeleteRange(System.Collections.Generic.IEnumerable`1<T>)
DA:89,0
DA:90,0
DA:91,0
FN:93,System.Void SampleTest.infrastructure.Repository.Repository`1::DeleteRange(System.Collections.Generic.IEnumerable`1<System.Int32>)
FNDA:0,System.Void SampleTest.infrastructure.Repository.Repository`1::DeleteRange(System.Collections.Generic.IEnumerable`1<System.Int32>)
DA:94,0
DA:95,0
DA:96,0
DA:97,0
DA:99,0
DA:100,0
DA:101,0
DA:104,0
DA:105,0
DA:106,0
DA:107,0
DA:108,0
DA:109,0
DA:110,0
DA:112,0
DA:113,0
DA:114,0
DA:115,0
DA:116,0
DA:117,0
BRDA:95,155,1,0
BRDA:99,41,0,0
BRDA:99,41,1,0
BRDA:105,78,0,0
BRDA:105,78,1,0
BRDA:95,155,0,0
FN:129,T SampleTest.infrastructure.Repository.Repository`1::FindById(System.Int32)
FNDA:0,T SampleTest.infrastructure.Repository.Repository`1::FindById(System.Int32)
DA:130,0
DA:131,0
DA:132,0
FN:149,T SampleTest.infrastructure.Repository.Repository`1::GetSingle(System.Linq.Expressions.Expression`1<System.Func`2<T,System.Boolean>>)
FNDA:0,T SampleTest.infrastructure.Repository.Repository`1::GetSingle(System.Linq.Expressions.Expression`1<System.Func`2<T,System.Boolean>>)
DA:150,0
DA:151,0
DA:152,0
FN:164,System.Linq.IQueryable`1<T> SampleTest.infrastructure.Repository.Repository`1::Query(System.Linq.Expressions.Expression`1<System.Func`2<T,System.Boolean>>,System.Boolean)
FNDA:0,System.Linq.IQueryable`1<T> SampleTest.infrastructure.Repository.Repository`1::Query(System.Linq.Expressions.Expression`1<System.Func`2<T,System.Boolean>>,System.Boolean)
DA:165,0
DA:166,0
DA:167,0
DA:168,0
DA:170,0
DA:171,0
DA:172,0
DA:175,0
DA:176,0
DA:178,0
BRDA:166,2,0,0
BRDA:166,2,1,0
BRDA:166,13,0,0
BRDA:166,13,1,0
BRDA:170,31,0,0
BRDA:170,31,1,0
BRDA:170,51,0,0
BRDA:170,51,1,0
FN:180,System.Void SampleTest.infrastructure.Repository.Repository`1::QuickUpdate(T,T)
FNDA:0,System.Void SampleTest.infrastructure.Repository.Repository`1::QuickUpdate(T,T)
DA:181,0
DA:182,0
DA:183,0
DA:184,0
DA:185,0
FN:197,System.Void SampleTest.infrastructure.Repository.Repository`1::Update(T)
FNDA:0,System.Void SampleTest.infrastructure.Repository.Repository`1::Update(T)
DA:198,0
DA:199,0
DA:200,0
DA:201,0
FN:208,System.Boolean SampleTest.infrastructure.Repository.Repository`1::HasFlag(System.String)
FNDA:0,System.Boolean SampleTest.infrastructure.Repository.Repository`1::HasFlag(System.String)
DA:209,0
DA:210,0
DA:211,0
DA:213,0
DA:214,0
DA:215,0
DA:217,0
DA:218,0
DA:220,0
DA:221,0
BRDA:213,41,0,0
BRDA:213,41,1,0
FN:223,System.Linq.Expressions.Expression`1<System.Func`2<T,System.Boolean>> SampleTest.infrastructure.Repository.Repository`1::GenerateExpression(System.String)
FNDA:0,System.Linq.Expressions.Expression`1<System.Func`2<T,System.Boolean>> SampleTest.infrastructure.Repository.Repository`1::GenerateExpression(System.String)
DA:224,0
DA:225,0
DA:226,0
DA:227,0
DA:229,0
DA:230,0
FN:232,System.Linq.Expressions.Expression`1<System.Func`2<T,System.Boolean>> SampleTest.infrastructure.Repository.Repository`1::GenerateExpression(System.Linq.Expressions.Expression`1<System.Func`2<T,System.Boolean>>,System.String)
FNDA:0,System.Linq.Expressions.Expression`1<System.Func`2<T,System.Boolean>> SampleTest.infrastructure.Repository.Repository`1::GenerateExpression(System.Linq.Expressions.Expression`1<System.Func`2<T,System.Boolean>>,System.String)
DA:233,0
DA:234,0
DA:235,0
DA:236,0
DA:237,0
DA:238,0
DA:240,0
DA:241,0
FN:248,System.Data.DataTable SampleTest.infrastructure.Repository.Repository`1::ConvertToDataTable(System.Collections.Generic.IList`1<T>)
FNDA:0,System.Data.DataTable SampleTest.infrastructure.Repository.Repository`1::ConvertToDataTable(System.Collections.Generic.IList`1<T>)
DA:249,0
DA:250,0
DA:251,0
DA:253,0
DA:254,0
DA:255,0
DA:256,0
DA:258,0
DA:259,0
DA:260,0
DA:262,0
DA:263,0
DA:264,0
DA:265,0
DA:267,0
DA:268,0
DA:270,0
DA:271,0
BRDA:253,92,1,0
BRDA:255,70,0,0
BRDA:255,70,1,0
BRDA:253,92,0,0
BRDA:258,269,1,0
BRDA:262,221,1,0
BRDA:264,199,0,0
BRDA:264,199,1,0
BRDA:262,221,0,0
BRDA:258,269,0,0
FN:18,System.Void SampleTest.infrastructure.Repository.Repository`1::.ctor(sampleTest.model.context.SampleTestContext)
FNDA:0,System.Void SampleTest.infrastructure.Repository.Repository`1::.ctor(sampleTest.model.context.SampleTestContext)
DA:19,0
DA:20,0
DA:21,0
DA:22,0
DA:23,0
FN:134,System.Void SampleTest.infrastructure.Repository.Repository`1/<FindByIdAsync>d__13::MoveNext()
FNDA:0,System.Void SampleTest.infrastructure.Repository.Repository`1/<FindByIdAsync>d__13::MoveNext()
DA:135,0
DA:136,0
DA:137,0
BRDA:136,67,0,0
BRDA:136,67,1,0
FN:154,System.Void SampleTest.infrastructure.Repository.Repository`1/<GetSingleAsync>d__15::MoveNext()
FNDA:0,System.Void SampleTest.infrastructure.Repository.Repository`1/<GetSingleAsync>d__15::MoveNext()
DA:155,0
DA:156,0
DA:157,0
BRDA:156,59,0,0
BRDA:156,59,1,0
LF:144
LH:0
BRF:36
BRH:0
FNF:21
FNH:0
end_of_record
SF:C:\Users\Ddemir\Desktop\SampleTest\sampleTest.model\SeedData.cs
FN:13,System.Void sampleTest.model.SeedData::Seed(Microsoft.AspNetCore.Builder.IApplicationBuilder)
FNDA:0,System.Void sampleTest.model.SeedData::Seed(Microsoft.AspNetCore.Builder.IApplicationBuilder)
DA:14,0
DA:17,0
LF:2
LH:0
BRF:0
BRH:0
FNF:1
FNH:0
end_of_record
SF:C:\Users\Ddemir\Desktop\SampleTest\sampleTest.model\entities\User.cs
FN:10,System.Int32 sampleTest.model.entities.User::get_UserId()
FNDA:24,System.Int32 sampleTest.model.entities.User::get_UserId()
DA:11,24
FN:14,System.String sampleTest.model.entities.User::get_Email()
FNDA:28,System.String sampleTest.model.entities.User::get_Email()
DA:15,28
FN:17,System.String sampleTest.model.entities.User::get_Password()
FNDA:29,System.String sampleTest.model.entities.User::get_Password()
DA:18,29
FN:18,System.Boolean sampleTest.model.entities.User::get_IsDeleted()
FNDA:12,System.Boolean sampleTest.model.entities.User::get_IsDeleted()
DA:19,12
LF:4
LH:4
BRF:0
BRH:0
FNF:4
FNH:4
end_of_record
SF:C:\Users\Ddemir\Desktop\SampleTest\sampleTest.model\context\SampleTestContext.cs
FN:15,Microsoft.EntityFrameworkCore.DbSet`1<sampleTest.model.entities.User> sampleTest.model.context.SampleTestContext::get_Users()
FNDA:0,Microsoft.EntityFrameworkCore.DbSet`1<sampleTest.model.entities.User> sampleTest.model.context.SampleTestContext::get_Users()
DA:16,0
FN:11,System.Void sampleTest.model.context.SampleTestContext::.ctor(Microsoft.EntityFrameworkCore.DbContextOptions`1<sampleTest.model.context.SampleTestContext>)
FNDA:0,System.Void sampleTest.model.context.SampleTestContext::.ctor(Microsoft.EntityFrameworkCore.DbContextOptions`1<sampleTest.model.context.SampleTestContext>)
DA:12,0
DA:13,0
DA:15,0
LF:4
LH:0
BRF:0
BRH:0
FNF:2
FNH:0
end_of_record